<?xml version="1.0" encoding="UTF-8"?>
<coverage generated="1658366346833" clover="3.2.0">
  <project timestamp="1658366346834" name="All files">
    <metrics statements="25" coveredstatements="12" conditionals="1" coveredconditionals="1" methods="2" coveredmethods="1" elements="28" coveredelements="14" complexity="0" loc="25" ncloc="25" packages="2" files="2" classes="2"/>
    <package name="01-multiplicationTable">
      <metrics statements="15" coveredstatements="2" conditionals="0" coveredconditionals="0" methods="1" coveredmethods="0"/>
      <file name="multiplicationTable.js" path="C:\Users\rocas\OneDrive\Documentos\JavaScript\Algorims\src\01-multiplicationTable\multiplicationTable.js">
        <metrics statements="15" coveredstatements="2" conditionals="0" coveredconditionals="0" methods="1" coveredmethods="0"/>
        <line num="1" count="0" type="stmt"/>
        <line num="2" count="0" type="stmt"/>
        <line num="3" count="0" type="stmt"/>
        <line num="4" count="0" type="stmt"/>
        <line num="5" count="0" type="stmt"/>
        <line num="6" count="0" type="stmt"/>
        <line num="7" count="0" type="stmt"/>
        <line num="8" count="0" type="stmt"/>
        <line num="9" count="0" type="stmt"/>
        <line num="10" count="0" type="stmt"/>
        <line num="11" count="0" type="stmt"/>
        <line num="12" count="0" type="stmt"/>
        <line num="13" count="0" type="stmt"/>
        <line num="14" count="1" type="stmt"/>
        <line num="15" count="1" type="stmt"/>
      </file>
    </package>
    <package name="02-palindrome">
      <metrics statements="10" coveredstatements="10" conditionals="1" coveredconditionals="1" methods="1" coveredmethods="1"/>
      <file name="palindrome.js" path="C:\Users\rocas\OneDrive\Documentos\JavaScript\Algorims\src\02-palindrome\palindrome.js">
        <metrics statements="10" coveredstatements="10" conditionals="1" coveredconditionals="1" methods="1" coveredmethods="1"/>
        <line num="1" count="1" type="cond" truecount="1" falsecount="0"/>
        <line num="2" count="2" type="stmt"/>
        <line num="3" count="2" type="stmt"/>
        <line num="4" count="2" type="stmt"/>
        <line num="5" count="2" type="stmt"/>
        <line num="6" count="2" type="stmt"/>
        <line num="7" count="1" type="stmt"/>
        <line num="8" count="1" type="stmt"/>
        <line num="9" count="1" type="stmt"/>
        <line num="10" count="1" type="stmt"/>
      </file>
    </package>
  </project>
</coverage>
